<?xml version="1.0" encoding="UTF-8"?>
<!-- Generated by org.testng.reporters.JUnitReportReporter -->
<testsuite hostname="DESKTOP-7IBLOSE" failures="0" tests="1" name="test.Swaglabapplication" time="8.157" errors="0" timestamp="2023-04-25T17:30:52 IST" skipped="0">
  <testcase classname="test.Swaglabapplication" name="verifyIfCustomerAbleToCheckoutOrder" time="8.157"/>
  <system-out/>
</testsuite> <!-- test.Swaglabapplication -->
